<!DOCTYPE html>

<html>
  <head>
  <meta charset='utf-8'>
  <title>TestNG reports</title>

    <link type="text/css" href="testng-reports1.css" rel="stylesheet" id="ultra" />
    <link type="text/css" href="testng-reports.css" rel="stylesheet" id="retro" disabled="false"/>
    <script type="text/javascript" src="jquery-3.6.0.min.js"></script>
    <script type="text/javascript" src="testng-reports.js"></script>
    <script type="text/javascript" src="https://www.google.com/jsapi"></script>
    <script type='text/javascript'>
      google.load('visualization', '1', {packages:['table']});
      google.setOnLoadCallback(drawTable);
      var suiteTableInitFunctions = new Array();
      var suiteTableData = new Array();
    </script>
    <!--
      <script type="text/javascript" src="jquery-ui/js/jquery-ui-1.8.16.custom.min.js"></script>
     -->
  </head>

  <body>    <div class="top-banner-root">
      <span class="top-banner-title-font">Test results</span>
      <button id="button" class="button">Switch Retro Theme</button> <!-- button -->
      <br/>
      <span class="top-banner-font-1">1 suite, 2 failed tests</span>
    </div> <!-- top-banner-root -->
    <div class="navigator-root">
      <div class="navigator-suite-header">
        <span>All suites</span>
        <a href="#" title="Collapse/expand all the suites" class="collapse-all-link">
          <img src="collapseall.gif" class="collapse-all-icon">
          </img> <!-- collapse-all-icon -->
        </a> <!-- collapse-all-link -->
      </div> <!-- navigator-suite-header -->
      <div class="suite">
        <div class="rounded-window">
          <div class="suite-header light-rounded-window-top">
            <a href="#" panel-name="suite-automationFramev1" class="navigator-link">
              <span class="suite-name border-failed">automationFramev1</span>
            </a> <!-- navigator-link -->
          </div> <!-- suite-header light-rounded-window-top -->
          <div class="navigator-suite-content">
            <div class="suite-section-title">
              <span>Info</span>
            </div> <!-- suite-section-title -->
            <div class="suite-section-content">
              <ul>
                <li>
                  <a href="#" panel-name="test-xml-automationFramev1" class="navigator-link ">
                    <span>C:\Users\Admin\eclipse-workspace\automationFramev1\testng.xml</span>
                  </a> <!-- navigator-link  -->
                </li>
                <li>
                  <a href="#" panel-name="testlist-automationFramev1" class="navigator-link ">
                    <span class="test-stats">1 test</span>
                  </a> <!-- navigator-link  -->
                </li>
                <li>
                  <a href="#" panel-name="group-automationFramev1" class="navigator-link ">
                    <span>0 groups</span>
                  </a> <!-- navigator-link  -->
                </li>
                <li>
                  <a href="#" panel-name="times-automationFramev1" class="navigator-link ">
                    <span>Times</span>
                  </a> <!-- navigator-link  -->
                </li>
                <li>
                  <a href="#" panel-name="reporter-automationFramev1" class="navigator-link ">
                    <span>Reporter output</span>
                  </a> <!-- navigator-link  -->
                </li>
                <li>
                  <a href="#" panel-name="ignored-methods-automationFramev1" class="navigator-link ">
                    <span>Ignored methods</span>
                  </a> <!-- navigator-link  -->
                </li>
                <li>
                  <a href="#" panel-name="chronological-automationFramev1" class="navigator-link ">
                    <span>Chronological view</span>
                  </a> <!-- navigator-link  -->
                </li>
              </ul>
            </div> <!-- suite-section-content -->
            <div class="result-section">
              <div class="suite-section-title">
                <span>Results</span>
              </div> <!-- suite-section-title -->
              <div class="suite-section-content">
                <ul>
                  <li>
                    <span class="method-stats">7 methods, 2 failed,   5 passed</span>
                  </li>
                  <li>
                    <span class="method-list-title failed">Failed methods</span>
                    <span class="show-or-hide-methods failed">
                      <a href="#" panel-name="suite-automationFramev1" class="hide-methods failed suite-automationFramev1"> (hide)</a> <!-- hide-methods failed suite-automationFramev1 -->
                      <a href="#" panel-name="suite-automationFramev1" class="show-methods failed suite-automationFramev1"> (show)</a> <!-- show-methods failed suite-automationFramev1 -->
                    </span>
                    <div class="method-list-content failed suite-automationFramev1">
                      <span>
                        <img src="failed.png" width="3%"/>
                        <a href="#" panel-name="suite-automationFramev1" title="com.automationFramev1.testCases.TC_TestCases_003" class="method navigator-link" hash-for-method="homePageTest">homePageTest</a> <!-- method navigator-link -->
                      </span>
                      <br/>
                      <span>
                        <img src="failed.png" width="3%"/>
                        <a href="#" panel-name="suite-automationFramev1" title="com.automationFramev1.testCases.TC_TestCases_002" class="method navigator-link" hash-for-method="loginData(mng605786, Arjun@9738522340)">loginData(mng605786, Arjun@9738522340)</a> <!-- method navigator-link -->
                      </span>
                      <br/>
                    </div> <!-- method-list-content failed suite-automationFramev1 -->
                  </li>
                  <li>
                    <span class="method-list-title passed">Passed methods</span>
                    <span class="show-or-hide-methods passed">
                      <a href="#" panel-name="suite-automationFramev1" class="hide-methods passed suite-automationFramev1"> (hide)</a> <!-- hide-methods passed suite-automationFramev1 -->
                      <a href="#" panel-name="suite-automationFramev1" class="show-methods passed suite-automationFramev1"> (show)</a> <!-- show-methods passed suite-automationFramev1 -->
                    </span>
                    <div class="method-list-content passed suite-automationFramev1">
                      <span>
                        <img src="passed.png" width="3%"/>
                        <a href="#" panel-name="suite-automationFramev1" title="com.automationFramev1.testCases.TC_TestCases_002" class="method navigator-link" hash-for-method="loginData(mngr6017, UsyvAde)">loginData(mngr6017, UsyvAde)</a> <!-- method navigator-link -->
                      </span>
                      <br/>
                      <span>
                        <img src="passed.png" width="3%"/>
                        <a href="#" panel-name="suite-automationFramev1" title="com.automationFramev1.testCases.TC_TestCases_002" class="method navigator-link" hash-for-method="loginData(, )">loginData(, )</a> <!-- method navigator-link -->
                      </span>
                      <br/>
                      <span>
                        <img src="passed.png" width="3%"/>
                        <a href="#" panel-name="suite-automationFramev1" title="com.automationFramev1.testCases.TC_TestCases_002" class="method navigator-link" hash-for-method="loginData(, )">loginData(, )</a> <!-- method navigator-link -->
                      </span>
                      <br/>
                      <span>
                        <img src="passed.png" width="3%"/>
                        <a href="#" panel-name="suite-automationFramev1" title="com.automationFramev1.testCases.TC_TestCases_002" class="method navigator-link" hash-for-method="loginData(mallikarjundalal409@gmail.com, Arjun@9738522340)">loginData(mallikarjundalal409@gmail.com, Arjun@9738522340)</a> <!-- method navigator-link -->
                      </span>
                      <br/>
                      <span>
                        <img src="passed.png" width="3%"/>
                        <a href="#" panel-name="suite-automationFramev1" title="com.automationFramev1.testCases.TC_TestCases_001" class="method navigator-link" hash-for-method="testUserRegistration">testUserRegistration</a> <!-- method navigator-link -->
                      </span>
                      <br/>
                    </div> <!-- method-list-content passed suite-automationFramev1 -->
                  </li>
                </ul>
              </div> <!-- suite-section-content -->
            </div> <!-- result-section -->
          </div> <!-- navigator-suite-content -->
        </div> <!-- rounded-window -->
      </div> <!-- suite -->
    </div> <!-- navigator-root -->
    <div class="wrapper">
      <div class="main-panel-root">
        <div panel-name="suite-automationFramev1" class="panel automationFramev1">
          <div class="suite-automationFramev1-class-failed">
            <div class="main-panel-header rounded-window-top">
              <img src="failed.png"/>
              <span class="class-name">com.automationFramev1.testCases.TC_TestCases_003</span>
            </div> <!-- main-panel-header rounded-window-top -->
            <div class="main-panel-content rounded-window-bottom">
              <div class="method">
                <div class="method-content">
                  <a name="homePageTest">
                  </a> <!-- homePageTest -->
                  <span class="method-name">homePageTest</span>
                  <div class="stack-trace">org.openqa.selenium.TimeoutException: Expected condition failed: waiting for visibility of element located by By.xpath: //tr[td[@class=&apos;product-name&apos;]/a[contains(text(), &apos;Thinking in HTML&apos;)]]//input[@type=&apos;number&apos;] (tried for 20 second(s) with 500 milliseconds interval)
Build info: version: &apos;4.13.0&apos;, revision: &apos;ba948ece5b*&apos;
System info: os.name: &apos;Windows 10&apos;, os.arch: &apos;amd64&apos;, os.version: &apos;10.0&apos;, java.version: &apos;17.0.9&apos;
Driver info: org.openqa.selenium.chrome.ChromeDriver
Capabilities {acceptInsecureCerts: false, browserName: chrome, browserVersion: 131.0.6778.109, chrome: {chromedriverVersion: 131.0.6778.85 (3d81e41b6f3a..., userDataDir: C:\Users\Admin\AppData\Loca...}, fedcm:accounts: true, goog:chromeOptions: {debuggerAddress: localhost:57495}, networkConnectionEnabled: false, pageLoadStrategy: normal, platformName: windows, proxy: Proxy(), se:cdp: ws://localhost:57495/devtoo..., se:cdpVersion: 131.0.6778.109, setWindowRect: true, strictFileInteractability: false, timeouts: {implicit: 0, pageLoad: 300000, script: 30000}, unhandledPromptBehavior: dismiss and notify, webauthn:extension:credBlob: true, webauthn:extension:largeBlob: true, webauthn:extension:minPinLength: true, webauthn:extension:prf: true, webauthn:virtualAuthenticators: true}
Session ID: bb3164bbf898991d5936c4b4f6e1c8a6
	at org.openqa.selenium.support.ui.WebDriverWait.timeoutException(WebDriverWait.java:84)
	at org.openqa.selenium.support.ui.FluentWait.until(FluentWait.java:230)
	at com.automationFramev1.pageObjects.HomePage.clickclearsendkeys(HomePage.java:52)
	at com.automationFramev1.testCases.TC_TestCases_003.homePageTest(TC_TestCases_003.java:36)
	at java.base/java.util.ArrayList.forEach(ArrayList.java:1511)
... Removed 31 stack frames
</div> <!-- stack-trace -->
                </div> <!-- method-content -->
              </div> <!-- method -->
            </div> <!-- main-panel-content rounded-window-bottom -->
          </div> <!-- suite-automationFramev1-class-failed -->
          <div class="suite-automationFramev1-class-failed">
            <div class="main-panel-header rounded-window-top">
              <img src="failed.png"/>
              <span class="class-name">com.automationFramev1.testCases.TC_TestCases_002</span>
            </div> <!-- main-panel-header rounded-window-top -->
            <div class="main-panel-content rounded-window-bottom">
              <div class="method">
                <div class="method-content">
                  <a name="loginData(mng605786, Arjun@9738522340)">
                  </a> <!-- loginData(mng605786, Arjun@9738522340) -->
                  <span class="method-name">loginData</span>
                  <span class="parameters">(mng605786,Arjun@9738522340)</span>
                  <div class="stack-trace">org.openqa.selenium.ElementClickInterceptedException: element click intercepted: Element &lt;input type=&quot;submit&quot; class=&quot;woocommerce-Button button&quot; name=&quot;login&quot; value=&quot;Login&quot;&gt; is not clickable at point (89, 428). Other element would receive the click: &lt;iframe id=&quot;aswift_5&quot; name=&quot;aswift_5&quot; browsingtopics=&quot;true&quot; style=&quot;width: 1005px !important; height: 124px !important; display: block; margin: 0px auto;&quot; sandbox=&quot;allow-forms allow-popups allow-popups-to-escape-sandbox allow-same-origin allow-scripts allow-top-navigation-by-user-activation&quot; width=&quot;1005&quot; height=&quot;124&quot; frameborder=&quot;0&quot; marginwidth=&quot;0&quot; marginheight=&quot;0&quot; vspace=&quot;0&quot; hspace=&quot;0&quot; allowtransparency=&quot;true&quot; scrolling=&quot;no&quot; allow=&quot;attribution-reporting; run-ad-auction&quot; src=&quot;https://googleads.g.doubleclick.net/pagead/html/r20241209/r20190131/zrt_lookup_fy2021.html#RS-0-&amp;amp;adk=1812271801&amp;amp;client=ca-pub-9173866185064071&amp;amp;fa=1&amp;amp;ifi=6&amp;amp;uci=a!6&amp;amp;btvi=5&quot; data-google-container-id=&quot;a!6&quot; tabindex=&quot;0&quot; title=&quot;Advertisement&quot; aria-label=&quot;Advertisement&quot; data-google-query-id=&quot;CPDsjOiGn4oDFRSn2AUdxVwBDg&quot; data-load-complete=&quot;true&quot;&gt;&lt;/iframe&gt;
  (Session info: chrome=131.0.6778.109)
Build info: version: &apos;4.13.0&apos;, revision: &apos;ba948ece5b*&apos;
System info: os.name: &apos;Windows 10&apos;, os.arch: &apos;amd64&apos;, os.version: &apos;10.0&apos;, java.version: &apos;17.0.9&apos;
Driver info: org.openqa.selenium.chrome.ChromeDriver
Command: [c433d1ae769e662e42660e0e38ff6646, clickElement {id=f.194C7272DEC07729AFF5DE1784CBB339.d.09B9FB65DDDD904ACDFC87EDF0E53C81.e.40}]
Capabilities {acceptInsecureCerts: false, browserName: chrome, browserVersion: 131.0.6778.109, chrome: {chromedriverVersion: 131.0.6778.85 (3d81e41b6f3a..., userDataDir: C:\Users\Admin\AppData\Loca...}, fedcm:accounts: true, goog:chromeOptions: {debuggerAddress: localhost:57381}, networkConnectionEnabled: false, pageLoadStrategy: normal, platformName: windows, proxy: Proxy(), se:cdp: ws://localhost:57381/devtoo..., se:cdpVersion: 131.0.6778.109, setWindowRect: true, strictFileInteractability: false, timeouts: {implicit: 0, pageLoad: 300000, script: 30000}, unhandledPromptBehavior: dismiss and notify, webauthn:extension:credBlob: true, webauthn:extension:largeBlob: true, webauthn:extension:minPinLength: true, webauthn:extension:prf: true, webauthn:virtualAuthenticators: true}
Element: [[ChromeDriver: chrome on windows (c433d1ae769e662e42660e0e38ff6646)] -&gt; xpath: //input[@name=&apos;login&apos;]]
Session ID: c433d1ae769e662e42660e0e38ff6646
	at org.openqa.selenium.remote.codec.w3c.W3CHttpResponseCodec.createException(W3CHttpResponseCodec.java:200)
	at org.openqa.selenium.remote.codec.w3c.W3CHttpResponseCodec.decode(W3CHttpResponseCodec.java:133)
	at org.openqa.selenium.remote.codec.w3c.W3CHttpResponseCodec.decode(W3CHttpResponseCodec.java:52)
	at org.openqa.selenium.remote.HttpCommandExecutor.execute(HttpCommandExecutor.java:191)
	at org.openqa.selenium.remote.service.DriverCommandExecutor.invokeExecute(DriverCommandExecutor.java:196)
	at org.openqa.selenium.remote.service.DriverCommandExecutor.execute(DriverCommandExecutor.java:171)
	at org.openqa.selenium.remote.RemoteWebDriver.execute(RemoteWebDriver.java:602)
	at org.openqa.selenium.remote.RemoteWebElement.execute(RemoteWebElement.java:224)
	at org.openqa.selenium.remote.RemoteWebElement.click(RemoteWebElement.java:77)
	at org.openqa.selenium.support.pagefactory.internal.LocatingElementHandler.invoke(LocatingElementHandler.java:51)
	at jdk.proxy2/jdk.proxy2.$Proxy19.click(Unknown Source)
	at com.automationFramev1.testCases.TC_TestCases_002.loginData(TC_TestCases_002.java:36)
	at java.base/java.util.ArrayList.forEach(ArrayList.java:1511)
... Removed 40 stack frames
</div> <!-- stack-trace -->
                </div> <!-- method-content -->
              </div> <!-- method -->
            </div> <!-- main-panel-content rounded-window-bottom -->
          </div> <!-- suite-automationFramev1-class-failed -->
          <div class="suite-automationFramev1-class-passed">
            <div class="main-panel-header rounded-window-top">
              <img src="passed.png"/>
              <span class="class-name">com.automationFramev1.testCases.TC_TestCases_001</span>
            </div> <!-- main-panel-header rounded-window-top -->
            <div class="main-panel-content rounded-window-bottom">
              <div class="method">
                <div class="method-content">
                  <a name="testUserRegistration">
                  </a> <!-- testUserRegistration -->
                  <span class="method-name">testUserRegistration</span>
                </div> <!-- method-content -->
              </div> <!-- method -->
            </div> <!-- main-panel-content rounded-window-bottom -->
          </div> <!-- suite-automationFramev1-class-passed -->
          <div class="suite-automationFramev1-class-passed">
            <div class="main-panel-header rounded-window-top">
              <img src="passed.png"/>
              <span class="class-name">com.automationFramev1.testCases.TC_TestCases_002</span>
            </div> <!-- main-panel-header rounded-window-top -->
            <div class="main-panel-content rounded-window-bottom">
              <div class="method">
                <div class="method-content">
                  <a name="loginData(mngr6017, UsyvAde)">
                  </a> <!-- loginData(mngr6017, UsyvAde) -->
                  <span class="method-name">loginData</span>
                  <span class="parameters">(mngr6017,UsyvAde)</span>
                </div> <!-- method-content -->
              </div> <!-- method -->
              <div class="method">
                <div class="method-content">
                  <a name="loginData(, )">
                  </a> <!-- loginData(, ) -->
                  <span class="method-name">loginData</span>
                  <span class="parameters">(,)</span>
                </div> <!-- method-content -->
              </div> <!-- method -->
              <div class="method">
                <div class="method-content">
                  <a name="loginData(, )">
                  </a> <!-- loginData(, ) -->
                  <span class="method-name">loginData</span>
                  <span class="parameters">(,)</span>
                </div> <!-- method-content -->
              </div> <!-- method -->
              <div class="method">
                <div class="method-content">
                  <a name="loginData(mallikarjundalal409@gmail.com, Arjun@9738522340)">
                  </a> <!-- loginData(mallikarjundalal409@gmail.com, Arjun@9738522340) -->
                  <span class="method-name">loginData</span>
                  <span class="parameters">(mallikarjundalal409@gmail.com,Arjun@9738522340)</span>
                </div> <!-- method-content -->
              </div> <!-- method -->
            </div> <!-- main-panel-content rounded-window-bottom -->
          </div> <!-- suite-automationFramev1-class-passed -->
        </div> <!-- panel automationFramev1 -->
        <div panel-name="test-xml-automationFramev1" class="panel">
          <div class="main-panel-header rounded-window-top">
            <span class="header-content">C:\Users\Admin\eclipse-workspace\automationFramev1\testng.xml</span>
          </div> <!-- main-panel-header rounded-window-top -->
          <div class="main-panel-content rounded-window-bottom">
            <pre>
&lt;?xml version=&quot;1.0&quot; encoding=&quot;UTF-8&quot;?&gt;
&lt;!DOCTYPE suite SYSTEM &quot;https://testng.org/testng-1.0.dtd&quot;&gt;
&lt;suite name=&quot;automationFramev1&quot; guice-stage=&quot;DEVELOPMENT&quot; verbose=&quot;0&quot;&gt;
  &lt;listeners&gt;
    &lt;listener class-name=&quot;com.automationFramev1.utilities.ExtentReport&quot;/&gt;
  &lt;/listeners&gt;
  &lt;test thread-count=&quot;5&quot; name=&quot;automationFramev1&quot; verbose=&quot;0&quot;&gt;
    &lt;parameter name=&quot;browser&quot; value=&quot;chrome&quot;/&gt;
    &lt;classes&gt;
      &lt;class name=&quot;com.automationFramev1.testCases.TC_TestCases_001&quot;/&gt;
      &lt;class name=&quot;com.automationFramev1.testCases.TC_TestCases_002&quot;/&gt;
      &lt;class name=&quot;com.automationFramev1.testCases.TC_TestCases_003&quot;/&gt;
    &lt;/classes&gt;
  &lt;/test&gt; &lt;!-- automationFramev1 --&gt;
&lt;/suite&gt; &lt;!-- automationFramev1 --&gt;
            </pre>
          </div> <!-- main-panel-content rounded-window-bottom -->
        </div> <!-- panel -->
        <div panel-name="testlist-automationFramev1" class="panel">
          <div class="main-panel-header rounded-window-top">
            <span class="header-content">Tests for automationFramev1</span>
          </div> <!-- main-panel-header rounded-window-top -->
          <div class="main-panel-content rounded-window-bottom">
            <ul>
              <li>
                <span class="test-name">automationFramev1 (3 classes)</span>
              </li>
            </ul>
          </div> <!-- main-panel-content rounded-window-bottom -->
        </div> <!-- panel -->
        <div panel-name="group-automationFramev1" class="panel">
          <div class="main-panel-header rounded-window-top">
            <span class="header-content">Groups for automationFramev1</span>
          </div> <!-- main-panel-header rounded-window-top -->
          <div class="main-panel-content rounded-window-bottom">
          </div> <!-- main-panel-content rounded-window-bottom -->
        </div> <!-- panel -->
        <div panel-name="times-automationFramev1" class="panel">
          <div class="main-panel-header rounded-window-top">
            <span class="header-content">Times for automationFramev1</span>
          </div> <!-- main-panel-header rounded-window-top -->
          <div class="main-panel-content rounded-window-bottom">
            <div class="times-div">
              <script type="text/javascript">
suiteTableInitFunctions.push('tableData_automationFramev1');
function tableData_automationFramev1() {
var data = new google.visualization.DataTable();
data.addColumn('number', 'Number');
data.addColumn('string', 'Method');
data.addColumn('string', 'Class');
data.addColumn('number', 'Time (ms)');
data.addRows(7);
data.setCell(0, 0, 0)
data.setCell(0, 1, 'homePageTest')
data.setCell(0, 2, 'com.automationFramev1.testCases.TC_TestCases_003')
data.setCell(0, 3, 33908);
data.setCell(1, 0, 1)
data.setCell(1, 1, 'loginData')
data.setCell(1, 2, 'com.automationFramev1.testCases.TC_TestCases_002')
data.setCell(1, 3, 12714);
data.setCell(2, 0, 2)
data.setCell(2, 1, 'loginData')
data.setCell(2, 2, 'com.automationFramev1.testCases.TC_TestCases_002')
data.setCell(2, 3, 12566);
data.setCell(3, 0, 3)
data.setCell(3, 1, 'loginData')
data.setCell(3, 2, 'com.automationFramev1.testCases.TC_TestCases_002')
data.setCell(3, 3, 12550);
data.setCell(4, 0, 4)
data.setCell(4, 1, 'testUserRegistration')
data.setCell(4, 2, 'com.automationFramev1.testCases.TC_TestCases_001')
data.setCell(4, 3, 8824);
data.setCell(5, 0, 5)
data.setCell(5, 1, 'loginData')
data.setCell(5, 2, 'com.automationFramev1.testCases.TC_TestCases_002')
data.setCell(5, 3, 5132);
data.setCell(6, 0, 6)
data.setCell(6, 1, 'loginData')
data.setCell(6, 2, 'com.automationFramev1.testCases.TC_TestCases_002')
data.setCell(6, 3, 4126);
window.suiteTableData['automationFramev1']= { tableData: data, tableDiv: 'times-div-automationFramev1'}
return data;
}
              </script>
              <span class="suite-total-time">Total running time: 1 minutes</span>
              <div id="times-div-automationFramev1">
              </div> <!-- times-div-automationFramev1 -->
            </div> <!-- times-div -->
          </div> <!-- main-panel-content rounded-window-bottom -->
        </div> <!-- panel -->
        <div panel-name="reporter-automationFramev1" class="panel">
          <div class="main-panel-header rounded-window-top">
            <span class="header-content">Reporter output for automationFramev1</span>
          </div> <!-- main-panel-header rounded-window-top -->
          <div class="main-panel-content rounded-window-bottom">
          </div> <!-- main-panel-content rounded-window-bottom -->
        </div> <!-- panel -->
        <div panel-name="ignored-methods-automationFramev1" class="panel">
          <div class="main-panel-header rounded-window-top">
            <span class="header-content">0 ignored methods</span>
          </div> <!-- main-panel-header rounded-window-top -->
          <div class="main-panel-content rounded-window-bottom">
          </div> <!-- main-panel-content rounded-window-bottom -->
        </div> <!-- panel -->
        <div panel-name="chronological-automationFramev1" class="panel">
          <div class="main-panel-header rounded-window-top">
            <span class="header-content">Methods in chronological order</span>
          </div> <!-- main-panel-header rounded-window-top -->
          <div class="main-panel-content rounded-window-bottom">
            <div class="chronological-class">
              <div class="chronological-class-name">com.automationFramev1.testCases.TC_TestCases_001</div> <!-- chronological-class-name -->
              <div class="configuration-class before">
                <span class="method-name">initializeDriver(chrome)</span>
                <span class="method-start">0 ms</span>
              </div> <!-- configuration-class before -->
              <div class="test-method">
                <span class="method-name">testUserRegistration</span>
                <span class="method-start">6332 ms</span>
              </div> <!-- test-method -->
              <div class="configuration-class after">
                <span class="method-name">tearDown</span>
                <span class="method-start">15173 ms</span>
              </div> <!-- configuration-class after -->
            </div> <!-- chronological-class -->
            <div class="chronological-class">
              <div class="chronological-class-name">com.automationFramev1.testCases.TC_TestCases_002</div> <!-- chronological-class-name -->
              <div class="configuration-class before">
                <span class="method-name">initializeDriver(chrome)</span>
                <span class="method-start">15620 ms</span>
              </div> <!-- configuration-class before -->
              <div class="test-method">
                <img src="failed.png">
                </img>
                <span class="method-name">loginData(mng605786, Arjun@9738522340)</span>
                <span class="method-start">21520 ms</span>
              </div> <!-- test-method -->
              <div class="test-method">
                <span class="method-name">loginData(mngr6017, UsyvAde)</span>
                <span class="method-start">25655 ms</span>
              </div> <!-- test-method -->
              <div class="test-method">
                <span class="method-name">loginData(mallikarjundalal409@gmail.com, Arjun@9738522340)</span>
                <span class="method-start">38370 ms</span>
              </div> <!-- test-method -->
              <div class="test-method">
                <span class="method-name">loginData(, )</span>
                <span class="method-start">43503 ms</span>
              </div> <!-- test-method -->
              <div class="test-method">
                <span class="method-name">loginData(, )</span>
                <span class="method-start">56054 ms</span>
              </div> <!-- test-method -->
              <div class="configuration-class after">
                <span class="method-name">tearDown</span>
                <span class="method-start">68620 ms</span>
              </div> <!-- configuration-class after -->
            </div> <!-- chronological-class -->
            <div class="chronological-class">
              <div class="chronological-class-name">com.automationFramev1.testCases.TC_TestCases_003</div> <!-- chronological-class-name -->
              <div class="configuration-class before">
                <span class="method-name">initializeDriver(chrome)</span>
                <span class="method-start">69011 ms</span>
              </div> <!-- configuration-class before -->
              <div class="test-method">
                <img src="failed.png">
                </img>
                <span class="method-name">homePageTest</span>
                <span class="method-start">73663 ms</span>
              </div> <!-- test-method -->
              <div class="configuration-class after">
                <span class="method-name">tearDown</span>
                <span class="method-start">107576 ms</span>
              </div> <!-- configuration-class after -->
          </div> <!-- main-panel-content rounded-window-bottom -->
        </div> <!-- panel -->
      </div> <!-- main-panel-root -->
    </div> <!-- wrapper -->
  </body>
<script type="text/javascript" src="testng-reports2.js"></script>
</html>
